c:\users\user\documents\game\x64\debug\vc143.pdb
c:\users\user\documents\game\x64\debug\vc143.idb
c:\users\user\documents\game\x64\debug\weapon.obj
c:\users\user\documents\game\x64\debug\main.obj
c:\users\user\documents\game\x64\debug\item.obj
c:\users\user\documents\game\x64\debug\inventory.obj
c:\users\user\documents\game\x64\debug\game.obj
c:\users\user\documents\game\x64\debug\enemy.obj
c:\users\user\documents\game\x64\debug\character.obj
c:\users\user\documents\game\x64\debug\armor.obj
c:\users\user\documents\game\x64\debug\console rpg.ilk
c:\users\user\documents\game\x64\debug\game.ilk
c:\users\user\documents\game\x64\debug\console rpg.pdb
c:\users\user\documents\game\x64\debug\game.pdb
c:\users\user\documents\game\x64\debug\console rpg.exe
c:\users\user\documents\game\x64\debug\console rpg.tlog\cl.command.1.tlog
c:\users\user\documents\game\x64\debug\console rpg.tlog\cl.read.1.tlog
c:\users\user\documents\game\x64\debug\console rpg.tlog\cl.write.1.tlog
c:\users\user\documents\game\x64\debug\console rpg.tlog\link.command.1.tlog
c:\users\user\documents\game\x64\debug\console rpg.tlog\link.read.1.tlog
c:\users\user\documents\game\x64\debug\console rpg.tlog\link.write.1.tlog
